<?xml version="1.0" encoding="UTF-8"?>
<!-- Generated by org.testng.reporters.JUnitReportReporter -->
<testsuite skipped="0" hostname="DESKTOP-05KEVR3" name="instaReM.Ecommerce" tests="2" failures="0" timestamp="19 Jan 2019 18:16:12 GMT" time="19.945" errors="0">
  <testcase name="verifyHomepage" time="3.599" classname="instaReM.Ecommerce"/>
  <testcase name="verifyBanknames" time="16.346" classname="instaReM.Ecommerce"/>
</testsuite> <!-- instaReM.Ecommerce -->
