<?xml version="1.0" encoding="UTF-8"?>
<!-- Generated by org.testng.reporters.JUnitReportReporter -->
<testsuite skipped="0" hostname="DESKTOP-05KEVR3" name="instaReM.Ecommerce" tests="2" failures="0" timestamp="19 Jan 2019 17:22:32 GMT" time="35.903" errors="0">
  <testcase name="verifyHomepage" time="6.617" classname="instaReM.Ecommerce"/>
  <testcase name="verifyBanknames" time="29.286" classname="instaReM.Ecommerce"/>
</testsuite> <!-- instaReM.Ecommerce -->
